0 info it worked if it ends with ok
1 verbose cli [ '/usr/bin/nodejs', '/usr/bin/npm', 'start' ]
2 info using npm@3.10.10
3 info using node@v6.11.0
4 verbose run-script [ 'prestart', 'start', 'poststart' ]
5 info lifecycle alphared7_gui@0.0.1~prestart: alphared7_gui@0.0.1
6 silly lifecycle alphared7_gui@0.0.1~prestart: no script for prestart, continuing
7 info lifecycle alphared7_gui@0.0.1~start: alphared7_gui@0.0.1
8 verbose lifecycle alphared7_gui@0.0.1~start: unsafe-perm in lifecycle true
9 verbose lifecycle alphared7_gui@0.0.1~start: PATH: /usr/lib/node_modules/npm/bin/node-gyp-bin:/home/louch/GUI/node_modules/.bin:/home/louch/.local/bin:/home/louch/.local/bin/scripts:/home/louch/.local/bin:/home/louch/.local/bin/scripts:/usr/local/sbin:/usr/local/bin:/usr/sbin:/usr/bin:/sbin:/bin:/usr/games:/usr/local/games
10 verbose lifecycle alphared7_gui@0.0.1~start: CWD: /home/louch/GUI
11 silly lifecycle alphared7_gui@0.0.1~start: Args: [ '-c', 'electron .' ]
12 info lifecycle alphared7_gui@0.0.1~start: Failed to exec start script
13 verbose stack Error: alphared7_gui@0.0.1 start: `electron .`
13 verbose stack spawn ENOENT
13 verbose stack     at ChildProcess.<anonymous> (/usr/lib/node_modules/npm/lib/utils/spawn.js:33:16)
13 verbose stack     at emitTwo (events.js:106:13)
13 verbose stack     at ChildProcess.emit (events.js:191:7)
13 verbose stack     at maybeClose (internal/child_process.js:891:16)
13 verbose stack     at Process.ChildProcess._handle.onexit (internal/child_process.js:226:5)
14 verbose pkgid alphared7_gui@0.0.1
15 verbose cwd /home/louch/GUI/server
16 error Linux 4.4.0-63-generic
17 error argv "/usr/bin/nodejs" "/usr/bin/npm" "start"
18 error node v6.11.0
19 error npm  v3.10.10
20 error file sh
21 error code ELIFECYCLE
22 error errno ENOENT
23 error syscall spawn
24 error alphared7_gui@0.0.1 start: `electron .`
24 error spawn ENOENT
25 error Failed at the alphared7_gui@0.0.1 start script 'electron .'.
25 error Make sure you have the latest version of node.js and npm installed.
25 error If you do, this is most likely a problem with the alphared7_gui package,
25 error not with npm itself.
25 error Tell the author that this fails on your system:
25 error     electron .
25 error You can get information on how to open an issue for this project with:
25 error     npm bugs alphared7_gui
25 error Or if that isn't available, you can get their info via:
25 error     npm owner ls alphared7_gui
25 error There is likely additional logging output above.
26 verbose exit [ 1, true ]
